[0.100s] DEBUG:colcon:Command line arguments: ['/usr/bin/colcon', 'list', '-p', '--base-paths', '/home/master26/Assignment_1', '--log-base', '/dev/null']
[0.100s] DEBUG:colcon:Parsed command line arguments: Namespace(log_base=None, log_level=None, verb_name='list', build_base='build', ignore_user_meta=False, metas=['./colcon.meta'], base_paths=['/home/master26/Assignment_1', '--log-base', '/dev/null'], packages_ignore=None, packages_ignore_regex=None, paths=None, packages_up_to=None, packages_up_to_regex=None, packages_above=None, packages_above_and_dependencies=None, packages_above_depth=None, packages_select_by_dep=None, packages_skip_by_dep=None, packages_skip_up_to=None, packages_select_build_failed=False, packages_skip_build_finished=False, packages_select_test_failures=False, packages_skip_test_passed=False, packages_select=None, packages_skip=None, packages_select_regex=None, packages_skip_regex=None, packages_start=None, packages_end=None, allow_overriding=[], topological_order=False, names_only=False, paths_only=True, topological_graph=False, topological_graph_dot=False, topological_graph_density=False, topological_graph_legend=False, topological_graph_dot_cluster=False, topological_graph_dot_include_skipped=False, mixin_files=None, mixin=None, verb_parser=<colcon_mixin.mixin.mixin_argument.MixinArgumentDecorator object at 0x7fed00a8ccd0>, verb_extension=<colcon_package_information.verb.list.ListVerb object at 0x7fed00a6bbe0>, main=<bound method ListVerb.main of <colcon_package_information.verb.list.ListVerb object at 0x7fed00a6bbe0>>, mixin_verb=('list',))
[0.289s] Level 1:colcon.colcon_core.package_discovery:discover_packages(colcon_meta) check parameters
[0.289s] Level 1:colcon.colcon_core.package_discovery:discover_packages(recursive) check parameters
[0.289s] Level 1:colcon.colcon_core.package_discovery:discover_packages(ignore) check parameters
[0.289s] Level 1:colcon.colcon_core.package_discovery:discover_packages(path) check parameters
[0.289s] Level 1:colcon.colcon_core.package_discovery:discover_packages(recursive) discover
[0.289s] INFO:colcon.colcon_core.package_discovery:Crawling recursively for packages in '/home/master26/Assignment_1', '/home/master26/Assignment_1/--log-base', '/dev/null'
[0.289s] Level 1:colcon.colcon_core.package_identification:_identify(/home/master26/Assignment_1) by extensions ['ignore', 'ignore_ament_install']
[0.289s] Level 1:colcon.colcon_core.package_identification:_identify(/home/master26/Assignment_1) by extension 'ignore'
[0.289s] Level 1:colcon.colcon_core.package_identification:_identify(/home/master26/Assignment_1) by extension 'ignore_ament_install'
[0.289s] Level 1:colcon.colcon_core.package_identification:_identify(/home/master26/Assignment_1) by extensions ['colcon_pkg']
[0.290s] Level 1:colcon.colcon_core.package_identification:_identify(/home/master26/Assignment_1) by extension 'colcon_pkg'
[0.290s] Level 1:colcon.colcon_core.package_identification:_identify(/home/master26/Assignment_1) by extensions ['colcon_meta']
[0.290s] Level 1:colcon.colcon_core.package_identification:_identify(/home/master26/Assignment_1) by extension 'colcon_meta'
[0.290s] Level 1:colcon.colcon_core.package_identification:_identify(/home/master26/Assignment_1) by extensions ['ros']
[0.290s] Level 1:colcon.colcon_core.package_identification:_identify(/home/master26/Assignment_1) by extension 'ros'
[0.299s] Level 1:colcon.colcon_core.package_identification:_identify(/home/master26/Assignment_1) by extensions ['cmake', 'python']
[0.299s] Level 1:colcon.colcon_core.package_identification:_identify(/home/master26/Assignment_1) by extension 'cmake'
[0.299s] Level 1:colcon.colcon_core.package_identification:_identify(/home/master26/Assignment_1) by extension 'python'
[0.299s] Level 1:colcon.colcon_core.package_identification:_identify(/home/master26/Assignment_1) by extensions ['python_setup_py']
[0.299s] Level 1:colcon.colcon_core.package_identification:_identify(/home/master26/Assignment_1) by extension 'python_setup_py'
[0.299s] Level 1:colcon.colcon_core.package_identification:_identify(/home/master26/Assignment_1/log) by extensions ['ignore', 'ignore_ament_install']
[0.299s] Level 1:colcon.colcon_core.package_identification:_identify(/home/master26/Assignment_1/log) by extension 'ignore'
[0.300s] Level 1:colcon.colcon_core.package_identification:_identify(/home/master26/Assignment_1/log) ignored
[0.300s] Level 1:colcon.colcon_core.package_identification:_identify(/home/master26/Assignment_1/src) by extensions ['ignore', 'ignore_ament_install']
[0.300s] Level 1:colcon.colcon_core.package_identification:_identify(/home/master26/Assignment_1/src) by extension 'ignore'
[0.300s] Level 1:colcon.colcon_core.package_identification:_identify(/home/master26/Assignment_1/src) by extension 'ignore_ament_install'
[0.300s] Level 1:colcon.colcon_core.package_identification:_identify(/home/master26/Assignment_1/src) by extensions ['colcon_pkg']
[0.300s] Level 1:colcon.colcon_core.package_identification:_identify(/home/master26/Assignment_1/src) by extension 'colcon_pkg'
[0.300s] Level 1:colcon.colcon_core.package_identification:_identify(/home/master26/Assignment_1/src) by extensions ['colcon_meta']
[0.300s] Level 1:colcon.colcon_core.package_identification:_identify(/home/master26/Assignment_1/src) by extension 'colcon_meta'
[0.300s] Level 1:colcon.colcon_core.package_identification:_identify(/home/master26/Assignment_1/src) by extensions ['ros']
[0.300s] Level 1:colcon.colcon_core.package_identification:_identify(/home/master26/Assignment_1/src) by extension 'ros'
[0.300s] Level 1:colcon.colcon_core.package_identification:_identify(/home/master26/Assignment_1/src) by extensions ['cmake', 'python']
[0.300s] Level 1:colcon.colcon_core.package_identification:_identify(/home/master26/Assignment_1/src) by extension 'cmake'
[0.300s] Level 1:colcon.colcon_core.package_identification:_identify(/home/master26/Assignment_1/src) by extension 'python'
[0.300s] Level 1:colcon.colcon_core.package_identification:_identify(/home/master26/Assignment_1/src) by extensions ['python_setup_py']
[0.300s] Level 1:colcon.colcon_core.package_identification:_identify(/home/master26/Assignment_1/src) by extension 'python_setup_py'
[0.300s] Level 1:colcon.colcon_core.package_identification:_identify(/home/master26/Assignment_1/src/rx200_moveit_control) by extensions ['ignore', 'ignore_ament_install']
[0.300s] Level 1:colcon.colcon_core.package_identification:_identify(/home/master26/Assignment_1/src/rx200_moveit_control) by extension 'ignore'
[0.300s] Level 1:colcon.colcon_core.package_identification:_identify(/home/master26/Assignment_1/src/rx200_moveit_control) by extension 'ignore_ament_install'
[0.301s] Level 1:colcon.colcon_core.package_identification:_identify(/home/master26/Assignment_1/src/rx200_moveit_control) by extensions ['colcon_pkg']
[0.301s] Level 1:colcon.colcon_core.package_identification:_identify(/home/master26/Assignment_1/src/rx200_moveit_control) by extension 'colcon_pkg'
[0.301s] Level 1:colcon.colcon_core.package_identification:_identify(/home/master26/Assignment_1/src/rx200_moveit_control) by extensions ['colcon_meta']
[0.301s] Level 1:colcon.colcon_core.package_identification:_identify(/home/master26/Assignment_1/src/rx200_moveit_control) by extension 'colcon_meta'
[0.301s] Level 1:colcon.colcon_core.package_identification:_identify(/home/master26/Assignment_1/src/rx200_moveit_control) by extensions ['ros']
[0.301s] Level 1:colcon.colcon_core.package_identification:_identify(/home/master26/Assignment_1/src/rx200_moveit_control) by extension 'ros'
[0.303s] DEBUG:colcon.colcon_core.package_identification:Package '/home/master26/Assignment_1/src/rx200_moveit_control' with type 'ros.ament_python' and name 'rx200_moveit_control'
[0.303s] Level 1:colcon.colcon_core.package_discovery:discover_packages(recursive) using defaults
